Using pre-set license
Built from '2020.3/staging' branch; Version is '2020.3.26f1 (7298b473bc1a) revision 7510196'; Using compiler version '192528614'; Build Type 'Release'
OS: 'Windows 10  (10.0.19044) 64bit Professional' Language: 'en' Physical Memory: 16334 MB
BatchMode: 1, IsHumanControllingUs: 0, StartBugReporterOnCrash: 0, Is64bit: 1, IsPro: 0

COMMAND LINE ARGUMENTS:
C:\Program Files\Unity\Hub\Editor\2020.3.26f1\Editor\Unity.exe
-adb2
-batchMode
-noUpm
-name
AssetImportWorker0
-projectPath
C:/Users/Tactical_Ghost/Documents/GitHub/MAAC3607Project/MAAC3607
-logFile
Logs/AssetImportWorker0.log
-srvPort
65138
Successfully changed project path to: C:/Users/Tactical_Ghost/Documents/GitHub/MAAC3607Project/MAAC3607
C:/Users/Tactical_Ghost/Documents/GitHub/MAAC3607Project/MAAC3607
Using Asset Import Pipeline V2.
Refreshing native plugins compatible for Editor in 91.10 ms, found 9 plugins.
Preloading 1 native plugins for Editor in 0.74 ms.
Initialize engine version: 2020.3.26f1 (7298b473bc1a)
[Subsystems] Discovering subsystems at path C:/Program Files/Unity/Hub/Editor/2020.3.26f1/Editor/Data/Resources/UnitySubsystems
[Subsystems] Discovering subsystems at path C:/Users/Tactical_Ghost/Documents/GitHub/MAAC3607Project/MAAC3607/Assets
GfxDevice: creating device client; threaded=0
Direct3D:
    Version:  Direct3D 11.0 [level 11.1]
    Renderer: NVIDIA GeForce GTX 970 (ID=0x13c2)
    Vendor:   
    VRAM:     4043 MB
    Driver:   30.0.15.1259
Shader 'Oculus/OVRMRCameraFrameLit': fallback shader 'Alpha-Diffuse' not found
Initialize mono
Mono path[0] = 'C:/Program Files/Unity/Hub/Editor/2020.3.26f1/Editor/Data/Managed'
Mono path[1] = 'C:/Program Files/Unity/Hub/Editor/2020.3.26f1/Editor/Data/MonoBleedingEdge/lib/mono/unityjit'
Mono config path = 'C:/Program Files/Unity/Hub/Editor/2020.3.26f1/Editor/Data/MonoBleedingEdge/etc'
Using monoOptions --debugger-agent=transport=dt_socket,embedding=1,server=y,suspend=n,address=127.0.0.1:56484
Begin MonoManager ReloadAssembly
Registering precompiled unity dll's ...
Register platform support module: C:/Program Files/Unity/Hub/Editor/2020.3.26f1/Editor/Data/PlaybackEngines/WindowsStandaloneSupport/UnityEditor.WindowsStandalone.Extensions.dll
Registered in 0.001792 seconds.
Native extension for WindowsStandalone target not found
Refreshing native plugins compatible for Editor in 78.68 ms, found 9 plugins.
Preloading 1 native plugins for Editor in 0.11 ms.
Mono: successfully reloaded assembly
- Completed reload, in  0.528 seconds
Domain Reload Profiling:
	ReloadAssembly (528ms)
		BeginReloadAssembly (44ms)
			ExecutionOrderSort (0ms)
			DisableScriptedObjects (0ms)
			BackupInstance (0ms)
			ReleaseScriptingObjects (0ms)
			CreateAndSetChildDomain (1ms)
		EndReloadAssembly (422ms)
			LoadAssemblies (42ms)
			RebuildTransferFunctionScriptingTraits (0ms)
			SetupTypeCache (120ms)
			ReleaseScriptCaches (0ms)
			RebuildScriptCaches (29ms)
			SetupLoadedEditorAssemblies (182ms)
				LogAssemblyErrors (0ms)
				InitializePlatformSupportModulesInManaged (4ms)
				SetLoadedEditorAssemblies (0ms)
				RefreshPlugins (79ms)
				BeforeProcessingInitializeOnLoad (11ms)
				ProcessInitializeOnLoadAttributes (66ms)
				ProcessInitializeOnLoadMethodAttributes (22ms)
				AfterProcessingInitializeOnLoad (0ms)
				EditorAssembliesLoaded (0ms)
			ExecutionOrderSort2 (0ms)
			AwakeInstancesAfterBackupRestoration (0ms)
Platform modules already initialized, skipping
Registering precompiled user dll's ...
Registered in 0.008073 seconds.
Begin MonoManager ReloadAssembly
Native extension for WindowsStandalone target not found
Refreshing native plugins compatible for Editor in 79.73 ms, found 9 plugins.
Preloading 1 native plugins for Editor in 0.07 ms.
Mono: successfully reloaded assembly
- Completed reload, in  1.178 seconds
Domain Reload Profiling:
	ReloadAssembly (1179ms)
		BeginReloadAssembly (126ms)
			ExecutionOrderSort (0ms)
			DisableScriptedObjects (4ms)
			BackupInstance (0ms)
			ReleaseScriptingObjects (0ms)
			CreateAndSetChildDomain (19ms)
		EndReloadAssembly (995ms)
			LoadAssemblies (87ms)
			RebuildTransferFunctionScriptingTraits (0ms)
			SetupTypeCache (311ms)
			ReleaseScriptCaches (1ms)
			RebuildScriptCaches (54ms)
			SetupLoadedEditorAssemblies (432ms)
				LogAssemblyErrors (0ms)
				InitializePlatformSupportModulesInManaged (3ms)
				SetLoadedEditorAssemblies (0ms)
				RefreshPlugins (80ms)
				BeforeProcessingInitializeOnLoad (109ms)
				ProcessInitializeOnLoadAttributes (221ms)
				ProcessInitializeOnLoadMethodAttributes (13ms)
				AfterProcessingInitializeOnLoad (6ms)
				EditorAssembliesLoaded (0ms)
			ExecutionOrderSort2 (0ms)
			AwakeInstancesAfterBackupRestoration (5ms)
Platform modules already initialized, skipping
========================================================================
Worker process is ready to serve import requests
Shader 'Oculus/OVRMRCameraFrameLit': fallback shader 'Alpha-Diffuse' not found
Launched and connected shader compiler UnityShaderCompiler.exe after 0.04 seconds
Refreshing native plugins compatible for Editor in 1.12 ms, found 9 plugins.
Preloading 1 native plugins for Editor in 0.07 ms.
Unloading 4432 Unused Serialized files (Serialized files now loaded: 0)
System memory in use before: 192.2 MB.
System memory in use after: 192.4 MB.

Unloading 51 unused Assets to reduce memory usage. Loaded Objects now: 4859.
Total: 3.962600 ms (FindLiveObjects: 0.337300 ms CreateObjectMapping: 0.133500 ms MarkObjects: 3.370000 ms  DeleteObjects: 0.120500 ms)

AssetImportParameters requested are different than current active one (requested -> active):
  custom:framework-win-MediaFoundation: 216162199b28c13a410421893ffa2e32 -> 
  custom:video-decoder-ogg-theora: a1e56fd34408186e4bbccfd4996cb3dc -> 
  custom:container-muxer-webm: aa71ff27fc2769a1b78a27578f13a17b -> 
  custom:container-demuxer-webm: 4f35f7cbe854078d1ac9338744f61a02 -> 
  custom:container-demuxer-ogg: 62fdf1f143b41e24485cea50d1cbac27 -> 
  custom:video-encoder-webm-vp8: eb34c28f22e8b96e1ab97ce403110664 -> 
  custom:video-decoder-webm-vp8: 9c59270c3fd7afecdb556c50c9e8de78 -> 
  custom:audio-decoder-ogg-vorbis: bf7c407c2cedff20999df2af8eb42d56 -> 
  custom:audio-encoder-webm-vorbis: bf7c407c2cedff20999df2af8eb42d56 -> 
========================================================================
Received Import Request.
  path: Assets/OpenXRStarter/XRControllerLeft.prefab
  artifactKey: Guid(be370dd170d8efc419e5bfe0c922914c) Importer(815301076,1909f56bfc062723c751e8b465ee728b)
Start importing Assets/OpenXRStarter/XRControllerLeft.prefab using Guid(be370dd170d8efc419e5bfe0c922914c) Importer(815301076,1909f56bfc062723c751e8b465ee728b)  -> (artifact id: '2f66219c39266f9d8f964d4ec50cf9a0') in 0.047334 seconds 
  Import took 0.054168 seconds .

========================================================================
Received Import Request.
  Time since last request: 0.000251 seconds.
  path: Assets/OpenXRStarter/Shader Graphs_DottedLine.mat
  artifactKey: Guid(f661e2b5cd31d7a49b9315a3ef54a151) Importer(815301076,1909f56bfc062723c751e8b465ee728b)
Start importing Assets/OpenXRStarter/Shader Graphs_DottedLine.mat using Guid(f661e2b5cd31d7a49b9315a3ef54a151) Importer(815301076,1909f56bfc062723c751e8b465ee728b)  -> (artifact id: '8bc20255400f1eaff3dfa4a993a955d4') in 0.164654 seconds 
  Import took 0.171095 seconds .

========================================================================
Received Import Request.
  Time since last request: 0.000236 seconds.
  path: Assets/OpenXRStarter/Shader Graphs_ColorRamp.mat
  artifactKey: Guid(743d4cd46478530478209f832c318957) Importer(815301076,1909f56bfc062723c751e8b465ee728b)
Start importing Assets/OpenXRStarter/Shader Graphs_ColorRamp.mat using Guid(743d4cd46478530478209f832c318957) Importer(815301076,1909f56bfc062723c751e8b465ee728b)  -> (artifact id: 'dd3ec911c954942cb420d7c6fcffe103') in 0.011979 seconds 
  Import took 0.017758 seconds .

========================================================================
Received Import Request.
  Time since last request: 0.000214 seconds.
  path: Assets/OpenXRStarter/XRControllerRight.prefab
  artifactKey: Guid(d6b321c4cc079f24d8153c553f98059a) Importer(815301076,1909f56bfc062723c751e8b465ee728b)
Start importing Assets/OpenXRStarter/XRControllerRight.prefab using Guid(d6b321c4cc079f24d8153c553f98059a) Importer(815301076,1909f56bfc062723c751e8b465ee728b)  -> (artifact id: '98224d35237145303fafbd1a765df842') in 0.008761 seconds 
  Import took 0.013997 seconds .

========================================================================
Received Import Request.
  Time since last request: 0.000268 seconds.
  path: Assets/OpenXRStarter/UniversalRenderPipelineAsset.asset
  artifactKey: Guid(e95353d787c038c479c99954d112835f) Importer(815301076,1909f56bfc062723c751e8b465ee728b)
Start importing Assets/OpenXRStarter/UniversalRenderPipelineAsset.asset using Guid(e95353d787c038c479c99954d112835f) Importer(815301076,1909f56bfc062723c751e8b465ee728b)  -> (artifact id: '5fac230e969183de9c387168b1fd0427') in 0.006385 seconds 
  Import took 0.012147 seconds .

========================================================================
Received Import Request.
  Time since last request: 0.000212 seconds.
  path: Assets/Oculus/OculusProjectConfig.asset
  artifactKey: Guid(99c0d806eb5cbe24da5e78ee5659c393) Importer(815301076,1909f56bfc062723c751e8b465ee728b)
Start importing Assets/Oculus/OculusProjectConfig.asset using Guid(99c0d806eb5cbe24da5e78ee5659c393) Importer(815301076,1909f56bfc062723c751e8b465ee728b)  -> (artifact id: '2e2ae7a2ce0002a84e345923b33ddd20') in 0.006004 seconds 
  Import took 0.011684 seconds .

========================================================================
Received Import Request.
  Time since last request: 0.000161 seconds.
  path: Assets/OpenXRStarter/Bullet.prefab
  artifactKey: Guid(5a2b2032826771545854e700750cf837) Importer(815301076,1909f56bfc062723c751e8b465ee728b)
Start importing Assets/OpenXRStarter/Bullet.prefab using Guid(5a2b2032826771545854e700750cf837) Importer(815301076,1909f56bfc062723c751e8b465ee728b)  -> (artifact id: '9d40aa92bf3d0e0963f1decb7071cc25') in 0.014899 seconds 
  Import took 0.020148 seconds .

========================================================================
Received Import Request.
  Time since last request: 0.000203 seconds.
  path: Assets/OpenXRStarter/UniversalRenderPipelineAsset_Renderer.asset
  artifactKey: Guid(8d906c76c79caa244ae539f6153ffed0) Importer(815301076,1909f56bfc062723c751e8b465ee728b)
Start importing Assets/OpenXRStarter/UniversalRenderPipelineAsset_Renderer.asset using Guid(8d906c76c79caa244ae539f6153ffed0) Importer(815301076,1909f56bfc062723c751e8b465ee728b)  -> (artifact id: '4f43541ee3e97a7c38d3f59a40d16ba6') in 0.005765 seconds 
  Import took 0.010806 seconds .

AssetImportWorkerClient::OnTransportError - code=2 error=End of file
